2025-05-07 00:09:02,260 [INFO] WebApp:194 - Connection lost
2025-05-07 00:09:02,708 [INFO] WebApp:191 - Connection restablished
2025-05-07 00:09:06,030 [INFO] WebApp:194 - Connection lost
2025-05-07 00:09:06,260 [INFO] WebApp:191 - Connection restablished
2025-05-07 02:42:13,603 [INFO] MainUpdater:2872 - connection check result : 10
2025-05-07 02:42:13,785 [INFO] McuFinderGlobals:76 - Set McuFinderConnectedMode to true
2025-05-07 02:42:13,788 [INFO] MultiScanPanel:200 - Auto-refresh data requested => check proxy status ongoing
2025-05-07 02:42:13,790 [INFO] FinderPluginLoader:95 - Searching for filters in installed packs
2025-05-07 02:42:16,369 [INFO] LoadUrlFilesThread:185 - End of LoadServerUrlFiles without Thread
2025-05-07 02:42:16,370 [INFO] DetailPanel:341 - Set advertising image to C:/Users/tamim/STM32Cube/Repository/\en.prom-stm32n6-mcu-finder.png
2025-05-07 02:42:21,714 [INFO] ApiDb:581 - Connected to CubeFinder SQLite database (C:\Users\tamim\.stmcufinder\plugins\mcufinder\mcu\cube-finder-db.db)
2025-05-07 02:42:43,975 [INFO] MainUpdater:2872 - connection check result : 10
2025-05-07 02:42:43,975 [INFO] MainUpdater:2872 - connection check result : 10
2025-05-07 02:42:44,910 [INFO] MicroXplorer:468 - Change Database Path : 
2025-05-07 02:42:44,910 [INFO] MicroXplorer:498 - Change Database Version : DB.6.0.141
2025-05-07 02:42:44,962 [ERROR] ProjectManagerView:395 - 
java.lang.NullPointerException: Cannot invoke "javax.swing.JTextField.getText()" because the return value of "java.util.List.get(int)" is null
	at com.st.microxplorer.plugins.projectmanager.gui.ProjectChoiceTab$9.caretUpdate(ProjectChoiceTab.java:2678) ~[filemanager.jar:?]
	at javax.swing.text.JTextComponent.fireCaretUpdate(JTextComponent.java:408) ~[?:?]
	at javax.swing.text.JTextComponent$MutableCaretEvent.fire(JTextComponent.java:4484) ~[?:?]
	at javax.swing.text.JTextComponent$MutableCaretEvent.stateChanged(JTextComponent.java:4506) ~[?:?]
	at javax.swing.text.DefaultCaret.fireStateChanged(DefaultCaret.java:857) ~[?:?]
	at javax.swing.text.DefaultCaret.changeCaretPosition(DefaultCaret.java:1343) ~[?:?]
	at javax.swing.text.DefaultCaret.handleSetDot(DefaultCaret.java:1242) ~[?:?]
	at javax.swing.text.DefaultCaret.setDot(DefaultCaret.java:1223) ~[?:?]
	at javax.swing.text.DefaultCaret$Handler.insertUpdate(DefaultCaret.java:1819) ~[?:?]
	at javax.swing.text.AbstractDocument.fireInsertUpdate(AbstractDocument.java:227) ~[?:?]
	at javax.swing.text.AbstractDocument.handleInsertString(AbstractDocument.java:781) ~[?:?]
	at javax.swing.text.AbstractDocument.insertString(AbstractDocument.java:740) ~[?:?]
	at javax.swing.text.PlainDocument.insertString(PlainDocument.java:131) ~[?:?]
	at javax.swing.text.AbstractDocument.replace(AbstractDocument.java:699) ~[?:?]
	at javax.swing.text.JTextComponent.setText(JTextComponent.java:1725) ~[?:?]
	at com.st.microxplorer.plugins.projectmanager.gui.ProjectChoiceTab.createHeapStackFields(ProjectChoiceTab.java:979) ~[filemanager.jar:?]
	at com.st.microxplorer.plugins.projectmanager.gui.ProjectChoiceTab.buildLinkSettingsPanel(ProjectChoiceTab.java:3766) ~[filemanager.jar:?]
	at com.st.microxplorer.plugins.projectmanager.gui.ProjectChoiceTab.defineWindowsFields(ProjectChoiceTab.java:1962) ~[filemanager.jar:?]
	at com.st.microxplorer.plugins.projectmanager.gui.ProjectChoiceTab.updateSettings(ProjectChoiceTab.java:555) ~[filemanager.jar:?]
	at com.st.microxplorer.plugins.projectmanager.gui.ProjectSettingsPanel.UpdateDialog(ProjectSettingsPanel.java:245) ~[filemanager.jar:?]
	at com.st.microxplorer.plugins.projectmanager.ProjectManagerView.propertyChange(ProjectManagerView.java:392) ~[filemanager.jar:?]
	at java.beans.PropertyChangeSupport.fire(PropertyChangeSupport.java:343) ~[?:?]
	at java.beans.PropertyChangeSupport.firePropertyChange(PropertyChangeSupport.java:335) ~[?:?]
	at java.beans.PropertyChangeSupport.firePropertyChange(PropertyChangeSupport.java:268) ~[?:?]
	at com.st.microxplorer.util.MXPropertyChangeSupport.firePropertyChange(MXPropertyChangeSupport.java:54) ~[STM32CubeMX.jar:?]
	at com.st.microxplorer.mxsystem.MxSystem.closeConfig(MxSystem.java:899) ~[STM32CubeMX.jar:?]
	at com.st.microxplorer.maingui.MainPanel.closeConfig(MainPanel.java:789) ~[STM32CubeMX.jar:?]
	at com.st.microxplorer.plugins.filemanager.engine.OpenFileManager.loadConfigurationFile(OpenFileManager.java:287) ~[filemanager.jar:?]
	at com.st.microxplorer.plugins.filemanager.engine.MainFileManager.userLoadConfig(MainFileManager.java:341) ~[filemanager.jar:?]
	at com.st.microxplorer.plugins.filemanager.engine.MainFileManager.userLoadConfig(MainFileManager.java:319) ~[filemanager.jar:?]
	at com.st.microxplorer.plugins.filemanager.FileManagerView.getSpecificTask(FileManagerView.java:246) ~[filemanager.jar:?]
	at com.st.stm32cube.common.mx.editor.CubeMxEditor.getMxTabbedPaneInstance(CubeMxEditor.java:1198) ~[com.st.stm32cube.common.mx_6.14.1.202504091515/:?]
	at com.st.stm32cube.common.mx.editor.CubeMxEditor$12$1.createSwingComponent(CubeMxEditor.java:1068) ~[com.st.stm32cube.common.mx_6.14.1.202504091515/:?]
	at com.st.stm32cube.common.mx.oss.core.awtswtbridge.EmbeddedSwingComposite.doComponentCreation(EmbeddedSwingComposite.java:492) ~[com.st.stm32cube.common.mx.oss_6.14.1.202504091515/:?]
	at com.st.stm32cube.common.mx.oss.core.awtswtbridge.EmbeddedSwingComposite$4.run(EmbeddedSwingComposite.java:291) ~[com.st.stm32cube.common.mx.oss_6.14.1.202504091515/:?]
	at com.st.stm32cube.common.mx.oss.core.awtswtbridge.AwtEnvironment$2.run(AwtEnvironment.java:166) ~[com.st.stm32cube.common.mx.oss_6.14.1.202504091515/:?]
	at java.awt.event.InvocationEvent.dispatch(InvocationEvent.java:318) ~[?:?]
	at java.awt.EventQueue.dispatchEventImpl(EventQueue.java:773) ~[?:?]
	at java.awt.EventQueue$4.run(EventQueue.java:720) ~[?:?]
	at java.awt.EventQueue$4.run(EventQueue.java:714) ~[?:?]
	at java.security.AccessController.doPrivileged(AccessController.java:400) ~[?:?]
	at java.security.ProtectionDomain$JavaSecurityAccessImpl.doIntersectionPrivilege(ProtectionDomain.java:87) ~[?:?]
	at java.awt.EventQueue.dispatchEvent(EventQueue.java:742) ~[?:?]
	at java.awt.EventDispatchThread.pumpOneEventForFilters(EventDispatchThread.java:203) ~[?:?]
	at java.awt.EventDispatchThread.pumpEventsForFilter(EventDispatchThread.java:124) ~[?:?]
	at java.awt.EventDispatchThread.pumpEventsForHierarchy(EventDispatchThread.java:113) ~[?:?]
	at java.awt.EventDispatchThread.pumpEvents(EventDispatchThread.java:109) ~[?:?]
	at java.awt.EventDispatchThread.pumpEvents(EventDispatchThread.java:101) ~[?:?]
	at java.awt.EventDispatchThread.run(EventDispatchThread.java:90) ~[?:?]
2025-05-07 02:42:44,979 [WARN] ThirdParty:871 - waiting for thirdparty lock release [close project]
2025-05-07 02:42:44,979 [INFO] ThirdParty:873 - entering critical section [close project]
2025-05-07 02:42:44,980 [INFO] ThirdParty:883 - exiting critical section [close project]
2025-05-07 02:42:44,982 [INFO] PinOutPanel:1589 - setPackage(No Configuration,No Configuration)
2025-05-07 02:42:45,003 [INFO] UtilMem:75 - Begin LoadConfig() Used Memory: 429109904 Bytes (734003200)
2025-05-07 02:42:45,004 [INFO] MicroXplorer:468 - Change Database Path : 
2025-05-07 02:42:45,005 [INFO] MicroXplorer:498 - Change Database Version : DB.6.0.141
2025-05-07 02:42:45,005 [INFO] OpenFileManager:354 - Change cursor
2025-05-07 02:42:45,077 [INFO] RulesReader:64 - Compatibility file has been processed (302 Rules)
2025-05-07 02:42:45,087 [INFO] Mcu:2011 - Initializing MCU STM32F103C8Tx STM32F103C8Tx STM32F103C8T6
2025-05-07 02:42:46,304 [INFO] Context:756 - Trying to add GPIOservice into a context  which must be forbidden
2025-05-07 02:42:46,559 [INFO] ImportTextPane:218 - (OptionalMessage_ERROR) Unable to find key (Mcu.ThirdPartyNb) in loaded IOC file
2025-05-07 02:42:46,559 [INFO] ImportTextPane:218 - (OptionalMessage_ERROR) Unable to find key (Mcu.PinsNb) in loaded IOC file
2025-05-07 02:42:46,559 [INFO] ImportTextPane:218 - (OptionalMessage_ERROR) Pin0 (VP_RIF_VS_RIF1) cannot be retrieved for this MCU
2025-05-07 02:42:46,559 [INFO] ImportTextPane:218 - (OptionalMessage_ERROR) Unable to find key (Mcu.IPNb) in loaded IOC file
2025-05-07 02:42:47,024 [INFO] RtosManager:558 - Registered RTOS mode: class=CMSIS, group=RTOS, mode=CMSIS_V1, owner=FREERTOS
2025-05-07 02:42:47,024 [INFO] RtosManager:558 - Registered RTOS mode: class=CMSIS, group=RTOS2, mode=CMSIS_V2, owner=FREERTOS
2025-05-07 02:42:47,024 [INFO] RtosManager:558 - Registered RTOS mode: class=RTOS, group=Core, mode=CMSIS_V1, owner=FREERTOS
2025-05-07 02:42:47,024 [INFO] RtosManager:558 - Registered RTOS mode: class=RTOS, group=Core, mode=CMSIS_V2, owner=FREERTOS
2025-05-07 02:42:47,024 [WARN] ModelIntegratedComponent:184 - Missing modes for component STMicroelectronics:FreeRTOS:0.0.1:STMicroelectronics:RTOS:FreeRTOS:Core:::10.2.0:
2025-05-07 02:42:47,040 [WARN] ModelIntegratedComponent:63 - No mode defined for component null
2025-05-07 02:42:47,040 [WARN] ModelIntegratedComponent:63 - No mode defined for component null
2025-05-07 02:42:47,040 [WARN] ModelIntegratedComponent:63 - No mode defined for component null
2025-05-07 02:42:47,040 [WARN] ModelIntegratedComponent:63 - No mode defined for component null
2025-05-07 02:42:47,040 [WARN] ModelIntegratedComponent:63 - No mode defined for component null
2025-05-07 02:42:47,040 [WARN] ModelIntegratedComponent:63 - No mode defined for component null
2025-05-07 02:42:47,040 [WARN] ModelIntegratedComponent:63 - No mode defined for component null
2025-05-07 02:42:47,040 [WARN] ModelIntegratedComponent:63 - No mode defined for component null
2025-05-07 02:42:47,040 [WARN] ModelIntegratedComponent:63 - No mode defined for component null
2025-05-07 02:42:47,040 [WARN] ModelIntegratedComponent:63 - No mode defined for component null
2025-05-07 02:42:47,040 [WARN] ModelIntegratedComponent:63 - No mode defined for component null
2025-05-07 02:42:47,040 [WARN] ModelIntegratedComponent:63 - No mode defined for component null
2025-05-07 02:42:47,040 [WARN] ModelIntegratedComponent:63 - No mode defined for component null
2025-05-07 02:42:47,040 [WARN] ModelIntegratedComponent:63 - No mode defined for component null
2025-05-07 02:42:47,040 [WARN] ModelIntegratedComponent:63 - No mode defined for component null
2025-05-07 02:42:47,040 [WARN] ModelIntegratedComponent:63 - No mode defined for component null
2025-05-07 02:42:47,040 [WARN] ModelIntegratedComponent:63 - No mode defined for component null
2025-05-07 02:42:47,040 [WARN] ModelIntegratedComponent:63 - No mode defined for component null
2025-05-07 02:42:47,040 [WARN] ModelIntegratedComponent:63 - No mode defined for component null
2025-05-07 02:42:47,040 [WARN] ModelIntegratedComponent:63 - No mode defined for component null
2025-05-07 02:42:47,040 [WARN] ModelIntegratedComponent:63 - No mode defined for component null
2025-05-07 02:42:47,040 [WARN] ModelIntegratedComponent:63 - No mode defined for component null
2025-05-07 02:42:47,040 [WARN] ModelIntegratedComponent:63 - No mode defined for component null
2025-05-07 02:42:47,040 [WARN] ModelIntegratedComponent:63 - No mode defined for component null
2025-05-07 02:42:47,040 [WARN] ModelIntegratedComponent:63 - No mode defined for component null
2025-05-07 02:42:47,040 [WARN] ModelIntegratedComponent:63 - No mode defined for component null
2025-05-07 02:42:47,040 [WARN] ModelIntegratedComponent:63 - No mode defined for component null
2025-05-07 02:42:47,040 [WARN] ModelIntegratedComponent:63 - No mode defined for component null
2025-05-07 02:42:47,040 [WARN] ModelIntegratedComponent:63 - No mode defined for component null
2025-05-07 02:42:47,040 [WARN] ModelIntegratedComponent:63 - No mode defined for component null
2025-05-07 02:42:47,040 [WARN] ModelIntegratedComponent:63 - No mode defined for component null
2025-05-07 02:42:47,040 [WARN] ModelIntegratedComponent:63 - No mode defined for component null
2025-05-07 02:42:47,040 [WARN] ModelIntegratedComponent:63 - No mode defined for component null
2025-05-07 02:42:47,040 [WARN] ModelIntegratedComponent:63 - No mode defined for component null
2025-05-07 02:42:47,040 [WARN] ModelIntegratedComponent:63 - No mode defined for component null
2025-05-07 02:42:47,040 [WARN] ModelPack:524 - Component already loaded: STMicroelectronics:HAL Drivers:0.0.0:STMicroelectronics:Device:STMicro_Driver:XSPI:HAL::0.0.1:HAL_XSPI
2025-05-07 02:42:47,065 [INFO] ThirdPartyModel:298 - Start build external matchings
2025-05-07 02:42:48,029 [INFO] ThirdPartyModel:316 - End build external matchings
2025-05-07 02:42:48,318 [INFO] UtilMem:75 - End LoadConfig() Used Memory: 383361480 Bytes (734003200)
2025-05-07 02:42:48,360 [WARN] ThirdParty:833 - waiting for thirdparty lock release [change project]
2025-05-07 02:42:48,361 [INFO] ThirdParty:835 - entering critical section [change project]
2025-05-07 02:42:48,361 [INFO] ThirdParty:1030 - CMSIS Pack Vendor :STMicroelectronics USBPD 4.1
2025-05-07 02:42:48,361 [INFO] ThirdParty:1030 - CMSIS Pack Vendor :STMicroelectronics X-CUBE-NFC9 1.0.0
2025-05-07 02:42:48,361 [INFO] ThirdParty:1030 - CMSIS Pack Vendor :STMicroelectronics USB_HOST 2.0.0
2025-05-07 02:42:48,361 [INFO] ThirdParty:1030 - CMSIS Pack Vendor :STMicroelectronics FP-SNS-MOTENVWB1 1.4.0
2025-05-07 02:42:48,361 [INFO] ThirdParty:1030 - CMSIS Pack Vendor :STMicroelectronics X-CUBE-AZRTOS-F4 1.1.0
2025-05-07 02:42:48,361 [INFO] ThirdParty:1030 - CMSIS Pack Vendor :STMicroelectronics LIBJPEG 8.0.0
2025-05-07 02:42:48,361 [INFO] ThirdParty:1030 - CMSIS Pack Vendor :STMicroelectronics FP-ATR-ASTRA1 2.0.2
2025-05-07 02:42:48,361 [INFO] ThirdParty:1030 - CMSIS Pack Vendor :STMicroelectronics X-CUBE-BLE1 7.1.0
2025-05-07 02:42:48,361 [INFO] ThirdParty:1030 - CMSIS Pack Vendor :Avnet-IotConnect X-CUBE-IoTC-DA16k-PMOD 1.0.0
2025-05-07 02:42:48,362 [INFO] ThirdParty:1030 - CMSIS Pack Vendor :STMicroelectronics X-CUBE-SMBUS 2.1.0
2025-05-07 02:42:48,362 [INFO] ThirdParty:1030 - CMSIS Pack Vendor :STMicroelectronics X-CUBE-WB05N 1.1.0
2025-05-07 02:42:48,362 [INFO] ThirdParty:1030 - CMSIS Pack Vendor :STMicroelectronics USB_DEVICE 3.0.0
2025-05-07 02:42:48,362 [INFO] ThirdParty:1030 - CMSIS Pack Vendor :STMicroelectronics X-CUBE-TCPP 4.1.0
2025-05-07 02:42:48,362 [INFO] ThirdParty:1030 - CMSIS Pack Vendor :STMicroelectronics X-CUBE-ISPU 2.1.0
2025-05-07 02:42:48,362 [INFO] ThirdParty:1030 - CMSIS Pack Vendor :STMicroelectronics X-CUBE-FREERTOS 1.2.0
2025-05-07 02:42:48,362 [INFO] ThirdParty:1030 - CMSIS Pack Vendor :STMicroelectronics X-CUBE-IPS 3.0.0
2025-05-07 02:42:48,362 [INFO] ThirdParty:1030 - CMSIS Pack Vendor :STMicroelectronics X-CUBE-AZRTOS-WB 2.0.0
2025-05-07 02:42:48,362 [INFO] ThirdParty:1030 - CMSIS Pack Vendor :STMicroelectronics X-CUBE-GNSS1 7.0.0
2025-05-07 02:42:48,362 [INFO] ThirdParty:1030 - CMSIS Pack Vendor :STMicroelectronics X-CUBE-GNSS1 7.0.1
2025-05-07 02:42:48,362 [INFO] ThirdParty:1030 - CMSIS Pack Vendor :STMicroelectronics X-CUBE-AZRTOS-F7 1.1.0
2025-05-07 02:42:48,362 [INFO] ThirdParty:1030 - CMSIS Pack Vendor :STMicroelectronics X-CUBE-AZRTOS-L5 2.0.0
2025-05-07 02:42:48,362 [INFO] ThirdParty:1030 - CMSIS Pack Vendor :STMicroelectronics X-CUBE-TOUCHGFX 4.25.0
2025-05-07 02:42:48,362 [INFO] ThirdParty:1030 - CMSIS Pack Vendor :STMicroelectronics USB_DEVICE 2.0.0
2025-05-07 02:42:48,362 [INFO] ThirdParty:1030 - CMSIS Pack Vendor :STMicroelectronics X-CUBE-NFC6 3.1.0
2025-05-07 02:42:48,363 [INFO] ThirdParty:1030 - CMSIS Pack Vendor :STMicroelectronics X-CUBE-MEMS1 11.0.0
2025-05-07 02:42:48,363 [INFO] ThirdParty:1030 - CMSIS Pack Vendor :STMicroelectronics X-CUBE-MEMS1 11.2.0
2025-05-07 02:42:48,363 [INFO] ThirdParty:1030 - CMSIS Pack Vendor :STMicroelectronics FreeRTOS 0.0.1
2025-05-07 02:42:48,363 [INFO] ThirdParty:1030 - CMSIS Pack Vendor :STMicroelectronics X-CUBE-AZRTOS-G0 1.1.0
2025-05-07 02:42:48,363 [INFO] ThirdParty:1030 - CMSIS Pack Vendor :STMicroelectronics X-CUBE-SAFEA1 1.2.2
2025-05-07 02:42:48,363 [INFO] ThirdParty:1030 - CMSIS Pack Vendor :STMicroelectronics X-CUBE-NFC4 3.0.0
2025-05-07 02:42:48,363 [INFO] ThirdParty:1030 - CMSIS Pack Vendor :STMicroelectronics X-CUBE-DPower 1.2.0
2025-05-07 02:42:48,363 [INFO] ThirdParty:1030 - CMSIS Pack Vendor :STMicroelectronics X-CUBE-SUBG2 5.0.0
2025-05-07 02:42:48,364 [INFO] ThirdParty:1030 - CMSIS Pack Vendor :STMicroelectronics X-CUBE-AZRTOS-H7RS 1.1.0
2025-05-07 02:42:48,364 [INFO] ThirdParty:1030 - CMSIS Pack Vendor :STMicroelectronics STM32_WPAN 1.0.0
2025-05-07 02:42:48,364 [INFO] ThirdParty:1030 - CMSIS Pack Vendor :EmbeddedOffice I-CUBE-FS-RTOS 1.0.1
2025-05-07 02:42:48,364 [INFO] ThirdParty:1030 - CMSIS Pack Vendor :STMicroelectronics lwIP 2.0.3
2025-05-07 02:42:48,364 [INFO] ThirdParty:1030 - CMSIS Pack Vendor :STMicroelectronics FP-SNS-FLIGHT1 5.0.2
2025-05-07 02:42:48,364 [INFO] ThirdParty:1030 - CMSIS Pack Vendor :Cesanta I-CUBE-Mongoose 7.13.0
2025-05-07 02:42:48,364 [INFO] ThirdParty:1030 - CMSIS Pack Vendor :STMicroelectronics USB_HOST 1.0.0
2025-05-07 02:42:48,364 [INFO] ThirdParty:1030 - CMSIS Pack Vendor :STMicroelectronics X-CUBE-AI 9.0.0
2025-05-07 02:42:48,364 [INFO] ThirdParty:1030 - CMSIS Pack Vendor :STMicroelectronics X-CUBE-AZRTOS-G4 2.0.0
2025-05-07 02:42:48,364 [INFO] ThirdParty:1030 - CMSIS Pack Vendor :STMicroelectronics X-CUBE-WB05N 2.0.0
2025-05-07 02:42:48,364 [INFO] ThirdParty:1030 - CMSIS Pack Vendor :STMicroelectronics PDM2PCM 3.1.0
2025-05-07 02:42:48,364 [INFO] ThirdParty:1030 - CMSIS Pack Vendor :STMicroelectronics PDM2PCM 3.3.0
2025-05-07 02:42:48,364 [INFO] ThirdParty:1030 - CMSIS Pack Vendor :STMicroelectronics X-CUBE-DISPLAY 3.0.0
2025-05-07 02:42:48,365 [INFO] ThirdParty:1030 - CMSIS Pack Vendor :STMicroelectronics X-CUBE-NFC7 2.0.0
2025-05-07 02:42:48,365 [INFO] ThirdParty:1030 - CMSIS Pack Vendor :STMicroelectronics X-CUBE-TCPP 4.2.0
2025-05-07 02:42:48,365 [INFO] ThirdParty:1030 - CMSIS Pack Vendor :STMicroelectronics X-CUBE-BLE1 7.0.0
2025-05-07 02:42:48,365 [INFO] ThirdParty:1030 - CMSIS Pack Vendor :STMicroelectronics FP-ATR-SIGFOX1 3.2.0
2025-05-07 02:42:48,365 [INFO] ThirdParty:1030 - CMSIS Pack Vendor :STMicroelectronics X-CUBE-NFC10 1.0.0
2025-05-07 02:42:48,365 [INFO] ThirdParty:1030 - CMSIS Pack Vendor :quantropi X-CUBE-qispace-sdk-base 1.9.3
2025-05-07 02:42:48,365 [INFO] ThirdParty:1030 - CMSIS Pack Vendor :STMicroelectronics X-CUBE-ISPU 2.0.0
2025-05-07 02:42:48,365 [INFO] ThirdParty:1030 - CMSIS Pack Vendor :STMicroelectronics X-CUBE-BLEMGR 4.0.0
2025-05-07 02:42:48,365 [INFO] ThirdParty:1030 - CMSIS Pack Vendor :STMicroelectronics X-CUBE-EEPRMA1 5.1.0
2025-05-07 02:42:48,365 [INFO] ThirdParty:1030 - CMSIS Pack Vendor :STMicroelectronics HAL Drivers 0.0.0
2025-05-07 02:42:48,365 [INFO] ThirdParty:1030 - CMSIS Pack Vendor :STMicroelectronics MBEDTLS 2.16.2
2025-05-07 02:42:48,365 [INFO] ThirdParty:1030 - CMSIS Pack Vendor :STMicroelectronics X-CUBE-IPS 3.1.0
2025-05-07 02:42:48,365 [INFO] ThirdParty:1030 - CMSIS Pack Vendor :STMicroelectronics X-CUBE-ALS 1.0.2
2025-05-07 02:42:48,365 [INFO] ThirdParty:1030 - CMSIS Pack Vendor :STMicroelectronics X-CUBE-FREERTOS 1.3.0
2025-05-07 02:42:48,365 [INFO] ThirdParty:1030 - CMSIS Pack Vendor :wolfSSL I-CUBE-wolfSSL 5.7.4
2025-05-07 02:42:48,365 [INFO] ThirdParty:1030 - CMSIS Pack Vendor :STMicroelectronics X-CUBE-NFC7 1.0.1
2025-05-07 02:42:48,365 [INFO] ThirdParty:1030 - CMSIS Pack Vendor :STMicroelectronics MBEDTLS 2.14.1
2025-05-07 02:42:48,365 [INFO] ThirdParty:1030 - CMSIS Pack Vendor :STMicroelectronics X-CUBE-TOUCHGFX 4.24.0
2025-05-07 02:42:48,365 [INFO] ThirdParty:1030 - CMSIS Pack Vendor :STMicroelectronics X-CUBE-TOUCHGFX 4.24.1
2025-05-07 02:42:48,366 [INFO] ThirdParty:1030 - CMSIS Pack Vendor :wolfSSL I-CUBE-wolfTPM 3.4.0
2025-05-07 02:42:48,366 [INFO] ThirdParty:1030 - CMSIS Pack Vendor :portGmbH I-Cube-SoM-uGOAL 1.1.0
2025-05-07 02:42:48,366 [INFO] ThirdParty:1030 - CMSIS Pack Vendor :STMicroelectronics X-CUBE-BLEMGR 3.1.0
2025-05-07 02:42:48,366 [INFO] ThirdParty:1030 - CMSIS Pack Vendor :STMicroelectronics X-CUBE-AI 10.0.0
2025-05-07 02:42:48,366 [INFO] ThirdParty:1030 - CMSIS Pack Vendor :STMicroelectronics ThreadX 1.0.0
2025-05-07 02:42:48,366 [INFO] ThirdParty:1030 - CMSIS Pack Vendor :STMicroelectronics FP-SNS-SMARTAG2 1.2.0
2025-05-07 02:42:48,366 [INFO] ThirdParty:1030 - CMSIS Pack Vendor :STMicroelectronics FP-SNS-FLIGHT1 5.1.0
2025-05-07 02:42:48,366 [INFO] ThirdParty:1030 - CMSIS Pack Vendor :STMicroelectronics X-CUBE-AZRTOS-WL 2.0.0
2025-05-07 02:42:48,366 [INFO] ThirdParty:1030 - CMSIS Pack Vendor :SEGGER I-CUBE-embOS 1.3.1
2025-05-07 02:42:48,366 [INFO] ThirdParty:1030 - CMSIS Pack Vendor :STMicroelectronics X-CUBE-ALGOBUILD 1.4.0
2025-05-07 02:42:48,366 [INFO] ThirdParty:1030 - CMSIS Pack Vendor :STMicroelectronics X-CUBE-DPower 1.3.0
2025-05-07 02:42:48,366 [INFO] ThirdParty:1030 - CMSIS Pack Vendor :STMicroelectronics FP-SNS-MOTENV1 5.0.0
2025-05-07 02:42:48,366 [INFO] ThirdParty:1030 - CMSIS Pack Vendor :STMicroelectronics USB_DEVICE 1.0.0
2025-05-07 02:42:48,366 [INFO] ThirdParty:1030 - CMSIS Pack Vendor :STMicroelectronics X-CUBE-AZRTOS-H7RS 1.0.0
2025-05-07 02:42:48,366 [INFO] ThirdParty:1030 - CMSIS Pack Vendor :wolfSSL I-CUBE-wolfMQTT 1.19.0
2025-05-07 02:42:48,366 [INFO] ThirdParty:1030 - CMSIS Pack Vendor :STMicroelectronics X-CUBE-AZRTOS-L4 2.0.0
2025-05-07 02:42:48,366 [INFO] ThirdParty:1030 - CMSIS Pack Vendor :STMicroelectronics ThreadX 0.0.2
2025-05-07 02:42:48,366 [INFO] ThirdParty:1030 - CMSIS Pack Vendor :WES I-CUBE-Cesium 1.3.0
2025-05-07 02:42:48,366 [INFO] ThirdParty:1030 - CMSIS Pack Vendor :STMicroelectronics FP-ATR-ASTRA1 2.0.0
2025-05-07 02:42:48,366 [INFO] ThirdParty:1030 - CMSIS Pack Vendor :STMicroelectronics lwIP 2.1.2
2025-05-07 02:42:48,366 [INFO] ThirdParty:1030 - CMSIS Pack Vendor :STMicroelectronics X-CUBE-SFXS2LP1 4.0.0
2025-05-07 02:42:48,366 [INFO] ThirdParty:1030 - CMSIS Pack Vendor :STMicroelectronics X-CUBE-BLE2 3.3.0
2025-05-07 02:42:48,367 [INFO] ThirdParty:1030 - CMSIS Pack Vendor :STMicroelectronics X-CUBE-TOF1 3.4.2
2025-05-07 02:42:48,367 [INFO] ThirdParty:1030 - CMSIS Pack Vendor :STMicroelectronics X-CUBE-TOF1 3.4.3
2025-05-07 02:42:48,367 [INFO] ThirdParty:1030 - CMSIS Pack Vendor :STMicroelectronics X-CUBE-AI 9.1.0
2025-05-07 02:42:48,367 [INFO] ThirdParty:1030 - CMSIS Pack Vendor :Infineon AIROC-Wi-Fi-Bluetooth-STM32 1.6.1
2025-05-07 02:42:48,367 [INFO] ThirdParty:1030 - CMSIS Pack Vendor :STMicroelectronics PDM2PCM 3.2.0
2025-05-07 02:42:48,367 [INFO] ThirdParty:1030 - CMSIS Pack Vendor :wolfSSL I-CUBE-wolfSSH 1.4.17
2025-05-07 02:42:48,367 [INFO] ThirdParty:841 - exiting critical section [change project]
2025-05-07 02:42:48,574 [INFO] PinOutPanel:1589 - setPackage(No Configuration,No Configuration)
2025-05-07 02:42:48,576 [INFO] PinOutPanel:1589 - setPackage(STM32F103C8Tx,LQFP48)
2025-05-07 02:42:48,922 [INFO] UtilMem:75 - Before build in PCC Used Memory: 470914912 Bytes (734003200)
2025-05-07 02:42:49,265 [INFO] UtilMem:75 - After build in PCC Used Memory: 514955104 Bytes (734003200)
2025-05-07 02:42:49,289 [INFO] IPUIPlugin:80 - create IPUIPlugin
2025-05-07 02:42:49,289 [INFO] IPUIPlugin:80 - create IPUIPlugin
2025-05-07 02:42:49,289 [INFO] IPUIPlugin:80 - create IPUIPlugin
2025-05-07 02:42:49,289 [INFO] IPUIPlugin:80 - create IPUIPlugin
2025-05-07 02:42:49,289 [INFO] IPUIPlugin:80 - create IPUIPlugin
2025-05-07 02:42:49,289 [INFO] IPUIPlugin:80 - create IPUIPlugin
2025-05-07 02:42:49,289 [INFO] IPUIPlugin:80 - create IPUIPlugin
2025-05-07 02:42:49,293 [INFO] IPUIPlugin:80 - create IPUIPlugin
2025-05-07 02:42:49,293 [INFO] IPUIPlugin:80 - create IPUIPlugin
2025-05-07 02:42:49,293 [INFO] IPUIPlugin:80 - create IPUIPlugin
2025-05-07 02:42:49,293 [INFO] IPUIPlugin:80 - create IPUIPlugin
2025-05-07 02:42:49,293 [INFO] IPUIPlugin:80 - create IPUIPlugin
2025-05-07 02:42:49,293 [INFO] IPUIPlugin:80 - create IPUIPlugin
2025-05-07 02:42:49,293 [INFO] IPUIPlugin:80 - create IPUIPlugin
2025-05-07 02:42:49,293 [INFO] IPUIPlugin:80 - create IPUIPlugin
2025-05-07 02:42:49,293 [INFO] IPUIPlugin:80 - create IPUIPlugin
2025-05-07 02:42:49,293 [INFO] IPUIPlugin:80 - create IPUIPlugin
2025-05-07 02:42:49,293 [INFO] IPUIPlugin:80 - create IPUIPlugin
2025-05-07 02:42:49,293 [INFO] IPUIPlugin:80 - create IPUIPlugin
2025-05-07 02:42:49,293 [INFO] IPUIPlugin:80 - create IPUIPlugin
2025-05-07 02:42:49,293 [INFO] IPUIPlugin:80 - create IPUIPlugin
2025-05-07 02:42:49,293 [INFO] IPUIPlugin:80 - create IPUIPlugin
2025-05-07 02:42:49,293 [INFO] IPUIPlugin:80 - create IPUIPlugin
2025-05-07 02:42:49,293 [INFO] IPUIPlugin:80 - create IPUIPlugin
2025-05-07 02:42:49,293 [INFO] IPUIPlugin:80 - create IPUIPlugin
2025-05-07 02:42:49,293 [INFO] IPUIPlugin:80 - create IPUIPlugin
2025-05-07 02:42:49,293 [INFO] IPUIPlugin:80 - create IPUIPlugin
2025-05-07 02:42:49,337 [INFO] CADModel:165 - CPN selected for project levelSTM32F103C8T6
2025-05-07 02:42:49,339 [INFO] CADModel:114 - Register for checkConnection events
2025-05-07 02:42:49,408 [INFO] OpenFileManager:385 - Restore cursor
2025-05-07 02:42:49,948 [INFO] UtilMem:75 - End SaveConfig() Used Memory: 568954720 Bytes (734003200)
2025-05-07 02:42:50,043 [INFO] UtilMem:75 - End SaveConfig() Used Memory: 581015392 Bytes (734003200)
2025-05-07 02:42:50,341 [INFO] BlockDiagram:2775 - set Specific Code input for plugin: NVIC
2025-05-07 02:42:50,341 [INFO] BlockDiagram:2775 - set Specific Code input for plugin: RCC
2025-05-07 02:42:50,350 [INFO] CodeGenerator:882 - code generatio: config db path: C:\ST\STM32CubeIDE_1.18.1\STM32CubeIDE\plugins\com.st.stm32cube.common.mx_6.14.1.202504091515\\db\
2025-05-07 02:42:50,421 [INFO] CodeEngine:263 - oldGeneratedFile, C:\Users\tamim\Desktop\MicroPro\Tamim\Receive\MXTmpFiles\license.tmp_save
2025-05-07 02:42:50,828 [INFO] CodeEngine:287 - Generated code: C:\Users\tamim\Desktop\MicroPro\Tamim\Receive\MXTmpFiles\license.tmp
2025-05-07 02:42:50,847 [INFO] CodeEngine:263 - oldGeneratedFile, C:\Users\tamim\Desktop\MicroPro\Tamim\Receive\Core\Src\stm32f1xx_it.c_save
2025-05-07 02:42:51,306 [INFO] CodeEngine:287 - Generated code: C:\Users\tamim\Desktop\MicroPro\Tamim\Receive\Core\Src\stm32f1xx_it.c
2025-05-07 02:42:51,312 [INFO] CodeEngine:263 - oldGeneratedFile, C:\Users\tamim\Desktop\MicroPro\Tamim\Receive\Core\Inc\stm32f1xx_it.h_save
2025-05-07 02:42:51,463 [INFO] CodeEngine:287 - Generated code: C:\Users\tamim\Desktop\MicroPro\Tamim\Receive\Core\Inc\stm32f1xx_it.h
2025-05-07 02:42:51,517 [INFO] CodeEngine:263 - oldGeneratedFile, C:\Users\tamim\Desktop\MicroPro\Tamim\Receive\Core\Src\stm32f1xx_hal_msp.c_save
2025-05-07 02:42:51,715 [INFO] CodeEngine:287 - Generated code: C:\Users\tamim\Desktop\MicroPro\Tamim\Receive\Core\Src\stm32f1xx_hal_msp.c
2025-05-07 02:42:51,724 [INFO] CodeEngine:263 - oldGeneratedFile, C:\Users\tamim\Desktop\MicroPro\Tamim\Receive\MXTmpFiles\system.tmp_save
2025-05-07 02:42:51,803 [INFO] CodeEngine:287 - Generated code: C:\Users\tamim\Desktop\MicroPro\Tamim\Receive\MXTmpFiles\system.tmp
2025-05-07 02:42:51,820 [INFO] CodeEngine:319 - oldGeneratedFile, C:\Users\tamim\Desktop\MicroPro\Tamim\Receive\Core\Inc\stm32f1xx_hal_conf.h_save
2025-05-07 02:42:51,981 [INFO] CodeEngine:343 - Generated code: C:\Users\tamim\Desktop\MicroPro\Tamim\Receive\Core\Inc\stm32f1xx_hal_conf.h
2025-05-07 02:42:52,027 [INFO] ApiDbMcu:508 - Load IP Config File for RCC
2025-05-07 02:42:52,040 [INFO] CodeEngine:263 - oldGeneratedFile, C:\Users\tamim\Desktop\MicroPro\Tamim\Receive\Core\Inc\main.h_save
2025-05-07 02:42:52,231 [INFO] CodeEngine:287 - Generated code: C:\Users\tamim\Desktop\MicroPro\Tamim\Receive\Core\Inc\main.h
2025-05-07 02:42:52,241 [INFO] CodeEngine:263 - oldGeneratedFile, C:\Users\tamim\Desktop\MicroPro\Tamim\Receive\Core\Src\main.c_save
2025-05-07 02:42:52,401 [INFO] CodeEngine:287 - Generated code: C:\Users\tamim\Desktop\MicroPro\Tamim\Receive\Core\Src\main.c
2025-05-07 02:42:52,730 [INFO] ProjectBuilder:3324 - Time for Copy HAL[1] : 159mS.
2025-05-07 02:42:52,736 [INFO] ProjectBuilder:4912 - Project Generator version: 4.6.0.1-B1
2025-05-07 02:42:52,810 [INFO] ConfigFileManager:1590 - The Die is : DIE410
2025-05-07 02:42:52,813 [INFO] ApiDbMcu:508 - Load IP Config File for FATFS
2025-05-07 02:42:52,817 [INFO] ApiDbMcu:508 - Load IP Config File for FREERTOS
2025-05-07 02:42:52,825 [INFO] ApiDbMcu:508 - Load IP Config File for USB_DEVICE
2025-05-07 02:42:54,804 [INFO] ProjectBuilder:5191 - Time for Generating toolchain IDE Files: 2067mS.
2025-05-07 02:42:54,806 [INFO] ProjectBuilder:3181 - Time for Copy CMSIS : 1mS.
2025-05-07 02:42:54,811 [INFO] ProjectBuilder:3181 - Time for Copy CMSIS : 0mS.
2025-05-07 02:42:55,691 [INFO] McuFinderGlobals:76 - Set McuFinderConnectedMode to true
2025-05-07 02:42:55,694 [INFO] ApiDb:448 - Save user favorites file C:\Users\tamim/.stm32cubeide/favorites.mcus.txt: 0 item(s)
2025-05-07 02:42:55,695 [INFO] ApiDb:452 - User favorites MCUs=[]
